Build started 26/01/2014 13:10:12.
     1>Project "C:\Users\SocksUp\SkyDrive\Modules\COMP-06037-Digital Game Design\Student-COMP-06037\Labs\Lab05\VisualStudio2013Project\TiledTMXToEnchant\TiledTMXToEnchant\TiledTMXToEnchant.vcxproj" on node 2 (Rebuild target(s)).
     1>ClCompile:
         C:\Program Files (x86)\Microsoft Visual Studio 12.0\VC\bin\CL.exe /c /Zi /nologo /W3 /WX- /sdl /O2 /Oi /Oy- /GL /D WIN32 /D NDEBUG /D _CONSOLE /D _LIB /D _UNICODE /D UNICODE /Gm- /EHsc /MD /GS /Gy /fp:precise /Zc:wchar_t /Zc:forScope /Fo"Release\\" /Fd"Release\vc120.pdb" /Gd /TP /analyze- /errorReport:prompt Config.cpp Layer.cpp main.cpp Map.cpp MapLoader.cpp TinyXML2.cpp
         Config.cpp
         Layer.cpp
         main.cpp
         Map.cpp
         MapLoader.cpp
         TinyXML2.cpp
       Link:
         C:\Program Files (x86)\Microsoft Visual Studio 12.0\VC\bin\link.exe /ERRORREPORT:PROMPT /OUT:"C:\Users\SocksUp\SkyDrive\Modules\COMP-06037-Digital Game Design\Student-COMP-06037\Labs\Lab05\VisualStudio2013Project\TiledTMXToEnchant\Release\TiledTMXToEnchant.exe" /INCREMENTAL:NO /NOLOGO kernel32.lib user32.lib gdi32.lib winspool.lib comdlg32.lib advapi32.lib shell32.lib ole32.lib oleaut32.lib uuid.lib odbc32.lib odbccp32.lib /MANIFEST /MANIFESTUAC:"level='asInvoker' uiAccess='false'" /manifest:embed /DEBUG /PDB:"C:\Users\SocksUp\SkyDrive\Modules\COMP-06037-Digital Game Design\Student-COMP-06037\Labs\Lab05\VisualStudio2013Project\TiledTMXToEnchant\Release\TiledTMXToEnchant.pdb" /SUBSYSTEM:CONSOLE /OPT:REF /OPT:ICF /LTCG /TLBID:1 /DYNAMICBASE /NXCOMPAT /IMPLIB:"C:\Users\SocksUp\SkyDrive\Modules\COMP-06037-Digital Game Design\Student-COMP-06037\Labs\Lab05\VisualStudio2013Project\TiledTMXToEnchant\Release\TiledTMXToEnchant.lib" /MACHINE:X86 /SAFESEH Release\Config.obj
         Release\Layer.obj
         Release\main.obj
         Release\Map.obj
         Release\MapLoader.obj
         Release\TinyXML2.obj
         Generating code
         Finished generating code
         TiledTMXToEnchant.vcxproj -> C:\Users\SocksUp\SkyDrive\Modules\COMP-06037-Digital Game Design\Student-COMP-06037\Labs\Lab05\VisualStudio2013Project\TiledTMXToEnchant\Release\TiledTMXToEnchant.exe
     1>Done Building Project "C:\Users\SocksUp\SkyDrive\Modules\COMP-06037-Digital Game Design\Student-COMP-06037\Labs\Lab05\VisualStudio2013Project\TiledTMXToEnchant\TiledTMXToEnchant\TiledTMXToEnchant.vcxproj" (Rebuild target(s)).

Build succeeded.

Time Elapsed 00:00:03.70
